# conda environments:
#
summit                *  /home/kcmf2/.conda/envs/summit
testenv                  /home/kcmf2/.conda/envs/testenv
base                     /usr/local/software/spack/spack-0.11.2/opt/spack/linux-rhel7-x86_64/gcc-5.4.0/miniconda3-4.5.4-hivczbzklvoccmuifapprxz7humnmn5c
bioenv                   /usr/local/software/spack/spack-0.11.2/opt/spack/linux-rhel7-x86_64/gcc-5.4.0/miniconda3-4.5.4-hivczbzklvoccmuifapprxz7humnmn5c/envs/bioenv
openmm-env               /usr/local/software/spack/spack-0.11.2/opt/spack/linux-rhel7-x86_64/gcc-5.4.0/miniconda3-4.5.4-hivczbzklvoccmuifapprxz7humnmn5c/envs/openmm-env

Changed directory to /home/kcmf2/summit_private/experiments/tsemo.

JobID: 25293391
======
Time: Sat Jun 27 22:12:31 BST 2020
Running on master node: cpu-e-33
Current directory: /home/kcmf2/summit_private/experiments/tsemo

Nodes allocated:
================
cpu-e-33

numtasks=8, numnodes=1, mpi_tasks_per_node=8 (OMP_NUM_THREADS=1)

Executing command:
==================
python tsemo_dtlz2_test.py 

██